[2022-11-15 13:32:30||lead_dialer_log:lead_dialer:main||INFO] >> Let's go!
[2022-11-15 13:32:30||lead_dialer_log:lead_dialer:main||INFO] >> Starting this run at (UTC) 2022-11-15 19:32:30
[2022-11-15 13:32:30||lead_dialer_log:lead_dialer:main||INFO] >> Starting mininum datetime (UTC): 2022-11-14 23:00:00
[2022-11-15 13:32:30||lead_dialer_log:lead_dialer:main||INFO] >> min datetime (utc time, tz naive, string): 2022-11-14 23:00:00
[2022-11-15 13:32:37||lead_dialer_log:lead_dialer:main||INFO] >> Query results df, info:
<class 'pandas.core.frame.DataFrame'>
RangeIndex: 27 entries, 0 to 26
Data columns (total 9 columns):
 #   Column       Non-Null Count  Dtype 
---  ------       --------------  ----- 
 0   lead_id      27 non-null     int64 
 1   name_first   27 non-null     object
 2   name_last    27 non-null     object
 3   phone        26 non-null     object
 4   email        23 non-null     object
 5   company      27 non-null     object
 6   lead_source  27 non-null     object
 7   website      1 non-null      object
 8   comment      22 non-null     object
dtypes: int64(1), object(8)
memory usage: 2.0+ KB

